<?xml version="1.0" encoding="UTF-8"?>
<!-- Generated by org.testng.reporters.JUnitReportReporter -->
<testsuite skipped="0" hostname="DESKTOP-6NI868R" name="dataproviderWIthExcel.RediffMailRegistrationTest" tests="4" failures="0" timestamp="06 Sep 2019 10:27:12 GMT" time="76.107" errors="0">
  <testcase name="RegisterTest" time="19.971" classname="dataproviderWIthExcel.RediffMailRegistrationTest"/>
  <testcase name="RegisterTest" time="17.344" classname="dataproviderWIthExcel.RediffMailRegistrationTest"/>
  <testcase name="RegisterTest" time="20.119" classname="dataproviderWIthExcel.RediffMailRegistrationTest"/>
  <testcase name="RegisterTest" time="18.673" classname="dataproviderWIthExcel.RediffMailRegistrationTest"/>
</testsuite> <!-- dataproviderWIthExcel.RediffMailRegistrationTest -->
