<?xml version="1.0" encoding="UTF-8"?>
<!-- Generated by org.testng.reporters.JUnitReportReporter -->
<testsuite hostname="DESKTOP-8REHEA8" name="testingNg.Framework.DemoClass" tests="2" failures="0" timestamp="5 Aug 2018 09:53:06 GMT" time="7.480" errors="0">
  <testcase name="logInTest" time="7.096" classname="testingNg.Framework.DemoClass"/>
  <testcase name="logIn" time="0.384" classname="testingNg.Framework.DemoClass"/>
</testsuite> <!-- testingNg.Framework.DemoClass -->
