<?xml version="1.0" encoding="UTF-8"?>
<!-- Generated by org.testng.reporters.JUnitReportReporter -->
<testsuite hostname="DESKTOP-8REHEA8" name="xml.package2.Demo2" tests="2" failures="0" timestamp="10 Sep 2018 19:33:40 GMT" time="0.002" errors="0">
  <testcase name="method2" time="0.002" classname="xml.package2.Demo2"/>
  <testcase name="method1" time="0.000" classname="xml.package2.Demo2"/>
</testsuite> <!-- xml.package2.Demo2 -->
