<?xml version="1.0" encoding="UTF-8"?>
<!-- Generated by org.testng.reporters.JUnitReportReporter -->
<testsuite skipped="0" hostname="DESKTOP-6NI868R" name="testingNg.Framework.Parameterizations" tests="1" failures="0" timestamp="05 Sep 2019 13:34:19 GMT" time="4.100" errors="0">
  <testcase name="LoginTest" time="4.100" classname="testingNg.Framework.Parameterizations"/>
</testsuite> <!-- testingNg.Framework.Parameterizations -->
