<?xml version="1.0" encoding="UTF-8"?>
<!-- Generated by org.testng.reporters.JUnitReportReporter -->
<testsuite hostname="DESKTOP-8REHEA8" name="xml.package1.Demo1" tests="2" failures="0" timestamp="10 Sep 2018 19:33:40 GMT" time="0.019" errors="0">
  <testcase name="method1" time="0.014" classname="xml.package1.Demo1"/>
  <testcase name="method2" time="0.005" classname="xml.package1.Demo1"/>
</testsuite> <!-- xml.package1.Demo1 -->
