<?xml version="1.0" encoding="UTF-8"?>
<!-- Generated by org.testng.reporters.JUnitReportReporter -->
<testsuite hostname="DESKTOP-8REHEA8" name="webdriver.TestNGExp" tests="1" failures="0" timestamp="5 Aug 2018 10:18:15 GMT" time="2.688" errors="0">
  <testcase name="Login" time="2.688" classname="webdriver.TestNGExp"/>
</testsuite> <!-- webdriver.TestNGExp -->
