<?xml version="1.0" encoding="UTF-8"?>
<!-- Generated by org.testng.reporters.JUnitReportReporter -->
<testsuite skipped="0" hostname="DESKTOP-6NI868R" name="webdriver.WebdriverGrid" tests="2" failures="0" timestamp="14 Sep 2019 19:29:48 GMT" time="15.379" errors="0">
  <testcase name="FirefoxTest" time="12.217" classname="webdriver.WebdriverGrid"/>
  <testcase name="IETest" time="3.162" classname="webdriver.WebdriverGrid"/>
</testsuite> <!-- webdriver.WebdriverGrid -->
