<?xml version="1.0" encoding="UTF-8"?>
<!-- Generated by org.testng.reporters.JUnitReportReporter -->
<testsuite hostname="DESKTOP-8REHEA8" name="extentReport.GenerateExtentREport" tests="1" failures="0" timestamp="6 Aug 2018 12:59:23 GMT" time="16.178" errors="0">
  <testcase name="Google" time="16.178" classname="extentReport.GenerateExtentREport"/>
</testsuite> <!-- extentReport.GenerateExtentREport -->
