<?xml version="1.0" encoding="UTF-8"?>
<!-- Generated by org.testng.reporters.JUnitReportReporter -->
<testsuite skipped="0" hostname="DESKTOP-6NI868R" name="webdriver.TestNGExp" tests="1" failures="0" timestamp="14 Sep 2019 18:50:49 GMT" time="3.323" errors="0">
  <testcase name="Login" time="3.323" classname="webdriver.TestNGExp"/>
</testsuite> <!-- webdriver.TestNGExp -->
